<?xml version="1.0" encoding="UTF-8"?>
<testng-results ignored="0" total="1" passed="1" failed="0" skipped="0">
  <reporter-output>
  </reporter-output>
  <suite started-at="2021-08-03T19:28:59 IST" name="Suite" finished-at="2021-08-03T19:29:59 IST" duration-ms="60828">
    <groups>
    </groups>
    <test started-at="2021-08-03T19:28:59 IST" name="Test" finished-at="2021-08-03T19:29:59 IST" duration-ms="60828">
      <class name="driver.Driver">
        <test-method is-config="true" signature="setUp()[pri:0, instance:driver.Driver@6dbb137d]" started-at="2021-08-03T19:28:58 IST" name="setUp" finished-at="2021-08-03T19:28:59 IST" duration-ms="960" status="PASS">
          <reporter-output>
          </reporter-output>
        </test-method> <!-- setUp -->
        <test-method signature="executeTestcase(org.testng.ITestContext)[pri:0, instance:driver.Driver@6dbb137d]" started-at="2021-08-03T19:28:59 IST" name="executeTestcase" finished-at="2021-08-03T19:29:59 IST" duration-ms="60517" status="PASS">
          <params>
            <param index="0">
              <value>
                <![CDATA[org.testng.TestRunner@34f7234e]]>
              </value>
            </param>
          </params>
          <reporter-output>
          </reporter-output>
        </test-method> <!-- executeTestcase -->
        <test-method is-config="true" signature="Reports(org.testng.ITestResult)[pri:0, instance:driver.Driver@6dbb137d]" started-at="2021-08-03T19:29:59 IST" name="Reports" finished-at="2021-08-03T19:29:59 IST" duration-ms="270" status="PASS">
          <params>
            <param index="0">
              <value>
                <![CDATA[[TestResult name=executeTestcase status=SUCCESS method=Driver.executeTestcase(org.testng.ITestContext)[pri:0, instance:driver.Driver@6dbb137d] output={null}]]]>
              </value>
            </param>
          </params>
          <reporter-output>
          </reporter-output>
        </test-method> <!-- Reports -->
        <test-method is-config="true" signature="tearDown()[pri:0, instance:driver.Driver@6dbb137d]" started-at="2021-08-03T19:30:00 IST" name="tearDown" finished-at="2021-08-03T19:30:00 IST" duration-ms="390" status="PASS">
          <reporter-output>
          </reporter-output>
        </test-method> <!-- tearDown -->
      </class> <!-- driver.Driver -->
    </test> <!-- Test -->
  </suite> <!-- Suite -->
</testng-results>
